

***********************************************************************
Fatal NI connect error 12560, connecting to:
 (DESCRIPTION=(ADDRESS=(PROTOCOL=BEQ)(PROGRAM=oracle)(ARGV0=oracleXE)(ARGS='(DESCRIPTION=(LOCAL=YES)(ADDRESS=(PROTOCOL=beq)))'))(CONNECT_DATA=(SID=XE)(CID=(PROGRAM=C:\SWSetup\app\oracle\product\10.2.0\server\bin\exp.exe)(HOST=DOMPIR)(USER=Elias))))

  VERSION INFORMATION:
	TNS for 32-bit Windows: Version 10.2.0.1.0 - Production
	Oracle Bequeath NT Protocol Adapter for 32-bit Windows: Version 10.2.0.1.0 - Production
  Time: 31-AGO-2018 15:54:29
  Tracing not turned on.
  Tns error struct:
    ns main err code: 12560
    TNS-12560: TNS:error del adaptador de protocolo
    ns secondary err code: 0
    nt main err code: 530
    TNS-00530: Error del adaptador de protocolo
    nt secondary err code: 2
    nt OS err code: 0


***********************************************************************
Fatal NI connect error 12560, connecting to:
 (DESCRIPTION=(ADDRESS=(PROTOCOL=BEQ)(PROGRAM=oracle)(ARGV0=oracleXE)(ARGS='(DESCRIPTION=(LOCAL=YES)(ADDRESS=(PROTOCOL=beq)))'))(CONNECT_DATA=(SID=XE)(CID=(PROGRAM=C:\SWSetup\app\oracle\product\10.2.0\server\bin\exp.exe)(HOST=DOMPIR)(USER=Elias))))

  VERSION INFORMATION:
	TNS for 32-bit Windows: Version 10.2.0.1.0 - Production
	Oracle Bequeath NT Protocol Adapter for 32-bit Windows: Version 10.2.0.1.0 - Production
  Time: 31-AGO-2018 15:54:54
  Tracing not turned on.
  Tns error struct:
    ns main err code: 12560
    TNS-12560: TNS:error del adaptador de protocolo
    ns secondary err code: 0
    nt main err code: 530
    TNS-00530: Error del adaptador de protocolo
    nt secondary err code: 2
    nt OS err code: 0


***********************************************************************
Fatal NI connect error 12560, connecting to:
 (DESCRIPTION=(ADDRESS=(PROTOCOL=BEQ)(PROGRAM=oracle)(ARGV0=oracleXE)(ARGS='(DESCRIPTION=(LOCAL=YES)(ADDRESS=(PROTOCOL=beq)))'))(CONNECT_DATA=(SID=XE)(CID=(PROGRAM=C:\SWSetup\app\oracle\product\10.2.0\server\bin\exp.exe)(HOST=DOMPIR)(USER=Elias))))

  VERSION INFORMATION:
	TNS for 32-bit Windows: Version 10.2.0.1.0 - Production
	Oracle Bequeath NT Protocol Adapter for 32-bit Windows: Version 10.2.0.1.0 - Production
  Time: 31-AGO-2018 15:55:21
  Tracing not turned on.
  Tns error struct:
    ns main err code: 12560
    TNS-12560: TNS:error del adaptador de protocolo
    ns secondary err code: 0
    nt main err code: 530
    TNS-00530: Error del adaptador de protocolo
    nt secondary err code: 2
    nt OS err code: 0
